<?xml version="1.0" encoding="UTF-8"?>
<!-- Generated by org.testng.reporters.JUnitReportReporter -->
<testsuite skipped="0" hostname="AU-BNE-DESK-09" name="YDF.automationFramework.NewTest" tests="2" failures="0" timestamp="01 May 2018 06:13:09 GMT" time="0.016" errors="0">
  <testcase name="f1" time="0.000" classname="YDF.automationFramework.NewTest"/>
  <testcase name="f" time="0.016" classname="YDF.automationFramework.NewTest"/>
</testsuite> <!-- YDF.automationFramework.NewTest -->
