<?xml version="1.0" encoding="UTF-8"?>
<!-- Generated by org.testng.reporters.JUnitReportReporter -->
<testsuite skipped="0" hostname="AU-BNE-DESK-09" name="YDF.automationFramework.multipleSession" tests="1" failures="0" timestamp="19 Apr 2018 03:52:40 GMT" time="0.005" errors="0">
  <testcase name="executeSessionOne" time="0.005" classname="YDF.automationFramework.multipleSession"/>
</testsuite> <!-- YDF.automationFramework.multipleSession -->
