<?xml version="1.0" encoding="UTF-8"?>
<!-- Generated by org.testng.reporters.JUnitReportReporter -->
<testsuite skipped="0" hostname="AU-BNE-DESK-09" name="YDF.automationFramework.TestPhoneNegative" tests="1" failures="0" timestamp="24 Apr 2018 06:48:05 GMT" time="26.654" errors="0">
  <testcase name="testEmptySpecialcharPh" time="26.654" classname="YDF.automationFramework.TestPhoneNegative"/>
</testsuite> <!-- YDF.automationFramework.TestPhoneNegative -->
