<?xml version="1.0" encoding="UTF-8"?>
<!-- Generated by org.testng.reporters.JUnitReportReporter -->
<testsuite skipped="0" hostname="AU-BNE-DESK-09" name="YDF.automationFramework.testAdminCheckout" tests="4" failures="0" timestamp="02 May 2018 04:46:58 GMT" time="315.221" errors="0">
  <testcase name="testmemNooption" time="104.286" classname="YDF.automationFramework.testAdminCheckout"/>
  <testcase name="testLeadercancel" time="52.809" classname="YDF.automationFramework.testAdminCheckout"/>
  <testcase name="testReviewerNoOption" time="114.936" classname="YDF.automationFramework.testAdminCheckout"/>
  <testcase name="testEditorNoOption" time="43.190" classname="YDF.automationFramework.testAdminCheckout"/>
</testsuite> <!-- YDF.automationFramework.testAdminCheckout -->
