<?xml version="1.0" encoding="UTF-8"?>
<!-- Generated by org.testng.reporters.JUnitReportReporter -->
<testsuite skipped="0" hostname="AU-BNE-DESK-09" name="YDF.automationFramework.NewTest1" tests="1" failures="0" timestamp="02 May 2018 03:33:04 GMT" time="20.166" errors="0">
  <testcase name="f" time="20.166" classname="YDF.automationFramework.NewTest1"/>
</testsuite> <!-- YDF.automationFramework.NewTest1 -->
