<?xml version="1.0" encoding="UTF-8"?>
<!-- Generated by org.testng.reporters.JUnitReportReporter -->
<testsuite skipped="0" hostname="AU-BNE-DESK-09" name="YDF.automationFramework.Outlook" tests="1" failures="0" timestamp="01 May 2018 01:58:37 GMT" time="18.101" errors="0">
  <testcase name="f" time="18.101" classname="YDF.automationFramework.Outlook"/>
</testsuite> <!-- YDF.automationFramework.Outlook -->
