<?xml version="1.0" encoding="UTF-8"?>
<!-- Generated by org.testng.reporters.JUnitReportReporter -->
<testsuite skipped="0" hostname="AU-BNE-DESK-09" name="YDF.automationFramework.testLeaderCheckout" tests="4" failures="0" timestamp="02 May 2018 04:56:19 GMT" time="313.883" errors="0">
  <testcase name="testmemNooption" time="103.067" classname="YDF.automationFramework.testLeaderCheckout"/>
  <testcase name="testAdmincancel" time="52.796" classname="YDF.automationFramework.testLeaderCheckout"/>
  <testcase name="testReviewerNoOption" time="114.238" classname="YDF.automationFramework.testLeaderCheckout"/>
  <testcase name="testEditorNoOption" time="43.782" classname="YDF.automationFramework.testLeaderCheckout"/>
</testsuite> <!-- YDF.automationFramework.testLeaderCheckout -->
