<?xml version="1.0" encoding="UTF-8"?>
<!-- Generated by org.testng.reporters.JUnitReportReporter -->
<testsuite skipped="0" hostname="AU-BNE-DESK-09" name="YDF.automationFramework.testEditorCheckout" tests="4" failures="0" timestamp="02 May 2018 05:17:29 GMT" time="331.955" errors="0">
  <testcase name="testAdmincancel" time="52.763" classname="YDF.automationFramework.testEditorCheckout"/>
  <testcase name="testLeadercancel" time="73.806" classname="YDF.automationFramework.testEditorCheckout"/>
  <testcase name="testReviewerNoOption" time="102.912" classname="YDF.automationFramework.testEditorCheckout"/>
  <testcase name="testMemberNoOption" time="102.474" classname="YDF.automationFramework.testEditorCheckout"/>
</testsuite> <!-- YDF.automationFramework.testEditorCheckout -->
