<?xml version="1.0" encoding="UTF-8"?>
<!-- Generated by org.testng.reporters.JUnitReportReporter -->
<testsuite skipped="0" hostname="AU-BNE-DESK-09" name="YDF.automationFramework.testFilefunctions" tests="3" failures="0" timestamp="30 Apr 2018 02:15:55 GMT" time="23.854" errors="0">
  <testcase name="testLogin" time="11.954" classname="YDF.automationFramework.testFilefunctions"/>
  <testcase name="testOverlay" time="0.256" classname="YDF.automationFramework.testFilefunctions"/>
  <testcase name="testCheckout" time="11.644" classname="YDF.automationFramework.testFilefunctions"/>
</testsuite> <!-- YDF.automationFramework.testFilefunctions -->
