<?xml version="1.0" encoding="UTF-8"?>
<!-- Generated by org.testng.reporters.JUnitReportReporter -->
<testsuite skipped="0" hostname="AU-BNE-DESK-09" name="YDF.automationFramework.TestLaunch" tests="1" failures="0" timestamp="06 Apr 2018 04:55:32 GMT" time="4.704" errors="0">
  <testcase name="f" time="4.704" classname="YDF.automationFramework.TestLaunch"/>
</testsuite> <!-- YDF.automationFramework.TestLaunch -->
